# JRE version: Java(TM) SE Runtime Environment (8.0_111-b14) (build 1.8.0_111-b14)
# Java VM: Java HotSpot(TM) 64-Bit Server VM (25.111-b14 mixed mode windows-amd64 compressed oops)
Heap:
 PSYoungGen      total 320512K, used 100778K [0x00000000d5d80000, 0x00000000ea980000, 0x0000000100000000)
  eden space 310784K, 32% used [0x00000000d5d80000,0x00000000dbf82b48,0x00000000e8d00000)
  from space 9728K, 4% used [0x00000000e9700000,0x00000000e9768000,0x00000000ea080000)
  to   space 10240K, 0% used [0x00000000e8d00000,0x00000000e8d00000,0x00000000e9700000)
 ParOldGen       total 95232K, used 24907K [0x0000000081800000, 0x0000000087500000, 0x00000000d5d80000)
  object space 95232K, 26% used [0x0000000081800000,0x0000000083052d90,0x0000000087500000)
 Metaspace       used 38738K, capacity 41218K, committed 41472K, reserved 1085440K
  class space    used 5258K, capacity 5781K, committed 5888K, reserved 1048576K
GC Heap History (10 events):
Event: 16.219 GC heap before
{Heap before GC invocations=14 (full 1):
 PSYoungGen      total 187904K, used 28638K [0x00000000d5d80000, 0x00000000e1f00000, 0x0000000100000000)
  eden space 178688K, 11% used [0x00000000d5d80000,0x00000000d726dff8,0x00000000e0c00000)
  from space 9216K, 78% used [0x00000000e1580000,0x00000000e1c89ad0,0x00000000e1e80000)
  to   space 9728K, 0% used [0x00000000e0c00000,0x00000000e0c00000,0x00000000e1580000)
 ParOldGen       total 62976K, used 19237K [0x0000000081800000, 0x0000000085580000, 0x00000000d5d80000)
  object space 62976K, 30% used [0x0000000081800000,0x0000000082ac94c0,0x0000000085580000)
 Metaspace       used 33111K, capacity 35392K, committed 35496K, reserved 1079296K
  class space    used 4279K, capacity 4784K, committed 4864K, reserved 1048576K
Event: 16.226 GC heap after
Heap after GC invocations=14 (full 1):
 PSYoungGen      total 188416K, used 3808K [0x00000000d5d80000, 0x00000000e6400000, 0x0000000100000000)
  eden space 178688K, 0% used [0x00000000d5d80000,0x00000000d5d80000,0x00000000e0c00000)
  from space 9728K, 39% used [0x00000000e0c00000,0x00000000e0fb8290,0x00000000e1580000)
  to   space 9216K, 0% used [0x00000000e5b00000,0x00000000e5b00000,0x00000000e6400000)
 ParOldGen       total 62976K, used 22446K [0x0000000081800000, 0x0000000085580000, 0x00000000d5d80000)
  object space 62976K, 35% used [0x0000000081800000,0x0000000082deb900,0x0000000085580000)
 Metaspace       used 33111K, capacity 35392K, committed 35496K, reserved 1079296K
  class space    used 4279K, capacity 4784K, committed 4864K, reserved 1048576K
}
Event: 16.226 GC heap before
{Heap before GC invocations=15 (full 2):
 PSYoungGen      total 188416K, used 3808K [0x00000000d5d80000, 0x00000000e6400000, 0x0000000100000000)
  eden space 178688K, 0% used [0x00000000d5d80000,0x00000000d5d80000,0x00000000e0c00000)
  from space 9728K, 39% used [0x00000000e0c00000,0x00000000e0fb8290,0x00000000e1580000)
  to   space 9216K, 0% used [0x00000000e5b00000,0x00000000e5b00000,0x00000000e6400000)
 ParOldGen       total 62976K, used 22446K [0x0000000081800000, 0x0000000085580000, 0x00000000d5d80000)
  object space 62976K, 35% used [0x0000000081800000,0x0000000082deb900,0x0000000085580000)
 Metaspace       used 33111K, capacity 35392K, committed 35496K, reserved 1079296K
  class space    used 4279K, capacity 4784K, committed 4864K, reserved 1048576K
Event: 16.327 GC heap after
Heap after GC invocations=15 (full 2):
 PSYoungGen      total 188416K, used 0K [0x00000000d5d80000, 0x00000000e6400000, 0x0000000100000000)
  eden space 178688K, 0% used [0x00000000d5d80000,0x00000000d5d80000,0x00000000e0c00000)
  from space 9728K, 0% used [0x00000000e0c00000,0x00000000e0c00000,0x00000000e1580000)
  to   space 9216K, 0% used [0x00000000e5b00000,0x00000000e5b00000,0x00000000e6400000)
 ParOldGen       total 95232K, used 21741K [0x0000000081800000, 0x0000000087500000, 0x00000000d5d80000)
  object space 95232K, 22% used [0x0000000081800000,0x0000000082d3b488,0x0000000087500000)
 Metaspace       used 33111K, capacity 35392K, committed 35496K, reserved 1079296K
  class space    used 4279K, capacity 4784K, committed 4864K, reserved 1048576K
}
Event: 17.125 GC heap before
{Heap before GC invocations=16 (full 2):
 PSYoungGen      total 188416K, used 178688K [0x00000000d5d80000, 0x00000000e6400000, 0x0000000100000000)
  eden space 178688K, 100% used [0x00000000d5d80000,0x00000000e0c00000,0x00000000e0c00000)
  from space 9728K, 0% used [0x00000000e0c00000,0x00000000e0c00000,0x00000000e1580000)
  to   space 9216K, 0% used [0x00000000e5b00000,0x00000000e5b00000,0x00000000e6400000)
 ParOldGen       total 95232K, used 21741K [0x0000000081800000, 0x0000000087500000, 0x00000000d5d80000)
  object space 95232K, 22% used [0x0000000081800000,0x0000000082d3b488,0x0000000087500000)
 Metaspace       used 33769K, capacity 36064K, committed 36224K, reserved 1081344K
  class space    used 4364K, capacity 4880K, committed 4992K, reserved 1048576K
Event: 17.128 GC heap after
Heap after GC invocations=16 (full 2):
 PSYoungGen      total 240128K, used 3534K [0x00000000d5d80000, 0x00000000e5e80000, 0x0000000100000000)
  eden space 236544K, 0% used [0x00000000d5d80000,0x00000000d5d80000,0x00000000e4480000)
  from space 3584K, 98% used [0x00000000e5b00000,0x00000000e5e73a40,0x00000000e5e80000)
  to   space 9216K, 0% used [0x00000000e4c80000,0x00000000e4c80000,0x00000000e5580000)
 ParOldGen       total 95232K, used 21749K [0x0000000081800000, 0x0000000087500000, 0x00000000d5d80000)
  object space 95232K, 22% used [0x0000000081800000,0x0000000082d3d488,0x0000000087500000)
 Metaspace       used 33769K, capacity 36064K, committed 36224K, reserved 1081344K
  class space    used 4364K, capacity 4880K, committed 4992K, reserved 1048576K
}
Event: 17.427 GC heap before
{Heap before GC invocations=17 (full 2):
 PSYoungGen      total 240128K, used 240078K [0x00000000d5d80000, 0x00000000e5e80000, 0x0000000100000000)
  eden space 236544K, 100% used [0x00000000d5d80000,0x00000000e4480000,0x00000000e4480000)
  from space 3584K, 98% used [0x00000000e5b00000,0x00000000e5e73a40,0x00000000e5e80000)
  to   space 9216K, 0% used [0x00000000e4c80000,0x00000000e4c80000,0x00000000e5580000)
 ParOldGen       total 95232K, used 21749K [0x0000000081800000, 0x0000000087500000, 0x00000000d5d80000)
  object space 95232K, 22% used [0x0000000081800000,0x0000000082d3d488,0x0000000087500000)
 Metaspace       used 33770K, capacity 36128K, committed 36480K, reserved 1081344K
  class space    used 4364K, capacity 4880K, committed 4992K, reserved 1048576K
Event: 17.429 GC heap after
Heap after GC invocations=17 (full 2):
 PSYoungGen      total 253952K, used 448K [0x00000000d5d80000, 0x00000000ea080000, 0x0000000100000000)
  eden space 244736K, 0% used [0x00000000d5d80000,0x00000000d5d80000,0x00000000e4c80000)
  from space 9216K, 4% used [0x00000000e4c80000,0x00000000e4cf0000,0x00000000e5580000)
  to   space 9728K, 0% used [0x00000000e9700000,0x00000000e9700000,0x00000000ea080000)
 ParOldGen       total 95232K, used 24731K [0x0000000081800000, 0x0000000087500000, 0x00000000d5d80000)
  object space 95232K, 25% used [0x0000000081800000,0x0000000083026e38,0x0000000087500000)
 Metaspace       used 33770K, capacity 36128K, committed 36480K, reserved 1081344K
  class space    used 4364K, capacity 4880K, committed 4992K, reserved 1048576K
}
Event: 17.701 GC heap before
{Heap before GC invocations=18 (full 2):
 PSYoungGen      total 253952K, used 245184K [0x00000000d5d80000, 0x00000000ea080000, 0x0000000100000000)
  eden space 244736K, 100% used [0x00000000d5d80000,0x00000000e4c80000,0x00000000e4c80000)
  from space 9216K, 4% used [0x00000000e4c80000,0x00000000e4cf0000,0x00000000e5580000)
  to   space 9728K, 0% used [0x00000000e9700000,0x00000000e9700000,0x00000000ea080000)
 ParOldGen       total 95232K, used 24731K [0x0000000081800000, 0x0000000087500000, 0x00000000d5d80000)
  object space 95232K, 25% used [0x0000000081800000,0x0000000083026e38,0x0000000087500000)
 Metaspace       used 33771K, capacity 36128K, committed 36480K, reserved 1081344K
  class space    used 4364K, capacity 4880K, committed 4992K, reserved 1048576K
Event: 17.703 GC heap after
Heap after GC invocations=18 (full 2):
 PSYoungGen      total 320512K, used 416K [0x00000000d5d80000, 0x00000000ea980000, 0x0000000100000000)
  eden space 310784K, 0% used [0x00000000d5d80000,0x00000000d5d80000,0x00000000e8d00000)
  from space 9728K, 4% used [0x00000000e9700000,0x00000000e9768000,0x00000000ea080000)
  to   space 10240K, 0% used [0x00000000e8d00000,0x00000000e8d00000,0x00000000e9700000)
 ParOldGen       total 95232K, used 24907K [0x0000000081800000, 0x0000000087500000, 0x00000000d5d80000)
  object space 95232K, 26% used [0x0000000081800000,0x0000000083052d90,0x0000000087500000)
 Metaspace       used 33771K, capacity 36128K, committed 36480K, reserved 1081344K
  class space    used 4364K, capacity 4880K, committed 4992K, reserved 1048576K
}

